{"/Users/artginzburg/css-clamper/src/index.ts": {"path":"/Users/artginzburg/css-clamper/src/index.ts","statementMap":{"0":{"start":{"line":1,"column":0},"end":{"line":1,"column":64}},"1":{"start":{"line":2,"column":0},"end":{"line":2,"column":null}},"2":{"start":{"line":24,"column":2},"end":{"line":24,"column":null}},"3":{"start":{"line":26,"column":2},"end":{"line":26,"column":null}},"4":{"start":{"line":30,"column":65},"end":{"line":35,"column":13}},"5":{"start":{"line":30,"column":19},"end":{"line":30,"column":21}},"6":{"start":{"line":30,"column":31},"end":{"line":30,"column":33}},"7":{"start":{"line":30,"column":46},"end":{"line":30,"column":48}},"8":{"start":{"line":30,"column":61},"end":{"line":30,"column":65}},"9":{"start":{"line":37,"column":23},"end":{"line":37,"column":82}},"10":{"start":{"line":39,"column":19},"end":{"line":40,"column":null}},"11":{"start":{"line":43,"column":51},"end":{"line":49,"column":null}},"12":{"start":{"line":43,"column":27},"end":{"line":43,"column":29}},"13":{"start":{"line":43,"column":47},"end":{"line":43,"column":51}},"14":{"start":{"line":53,"column":45},"end":{"line":56,"column":41}},"15":{"start":{"line":54,"column":16},"end":{"line":54,"column":54}},"16":{"start":{"line":55,"column":20},"end":{"line":55,"column":26}},"17":{"start":{"line":56,"column":19},"end":{"line":56,"column":41}},"18":{"start":{"line":53,"column":24},"end":{"line":53,"column":26}},"19":{"start":{"line":53,"column":41},"end":{"line":53,"column":45}},"20":{"start":{"line":58,"column":29},"end":{"line":58,"column":86}},"21":{"start":{"line":60,"column":2},"end":{"line":64,"column":4}},"22":{"start":{"line":20,"column":0},"end":{"line":20,"column":16}},"23":{"start":{"line":72,"column":2},"end":{"line":72,"column":44}},"24":{"start":{"line":109,"column":2},"end":{"line":137,"column":8}},"25":{"start":{"line":114,"column":8},"end":{"line":121,"column":10}},"26":{"start":{"line":129,"column":8},"end":{"line":136,"column":10}},"27":{"start":{"line":103,"column":0},"end":{"line":103,"column":16}}},"fnMap":{"0":{"name":"clampify","decl":{"start":{"line":20,"column":16},"end":{"line":20,"column":24}},"loc":{"start":{"line":28,"column":39},"end":{"line":65,"column":1}}},"1":{"name":"(anonymous_1)","decl":{"start":{"line":54,"column":9},"end":{"line":54,"column":12}},"loc":{"start":{"line":54,"column":12},"end":{"line":54,"column":36}}},"2":{"name":"(anonymous_2)","decl":{"start":{"line":55,"column":10},"end":{"line":55,"column":11}},"loc":{"start":{"line":55,"column":15},"end":{"line":55,"column":21}}},"3":{"name":"(anonymous_3)","decl":{"start":{"line":56,"column":9},"end":{"line":56,"column":10}},"loc":{"start":{"line":56,"column":14},"end":{"line":56,"column":22}}},"4":{"name":"shiftDecimalPointRightByTwo","decl":{"start":{"line":71,"column":9},"end":{"line":71,"column":36}},"loc":{"start":{"line":71,"column":48},"end":{"line":73,"column":1}}},"5":{"name":"createClamper","decl":{"start":{"line":103,"column":16},"end":{"line":103,"column":29}},"loc":{"start":{"line":107,"column":39},"end":{"line":138,"column":1}}},"6":{"name":"clamperExtended","decl":{"start":{"line":110,"column":15},"end":{"line":110,"column":30}},"loc":{"start":{"line":112,"column":48},"end":{"line":122,"column":7}}},"7":{"name":"clamper","decl":{"start":{"line":123,"column":15},"end":{"line":123,"column":22}},"loc":{"start":{"line":127,"column":45},"end":{"line":137,"column":7}}}},"branchMap":{"0":{"loc":{"start":{"line":24,"column":2},"end":{"line":24,"column":null}},"type":"if","locations":[{"start":{"line":24,"column":2},"end":{"line":24,"column":null}}]},"1":{"loc":{"start":{"line":26,"column":2},"end":{"line":26,"column":null}},"type":"if","locations":[{"start":{"line":26,"column":2},"end":{"line":26,"column":null}}]},"2":{"loc":{"start":{"line":62,"column":7},"end":{"line":62,"column":53}},"type":"cond-expr","locations":[{"start":{"line":62,"column":19},"end":{"line":62,"column":48}},{"start":{"line":62,"column":51},"end":{"line":62,"column":53}}]},"3":{"loc":{"start":{"line":109,"column":9},"end":{"line":137,"column":7}},"type":"cond-expr","locations":[{"start":{"line":110,"column":6},"end":{"line":122,"column":7}},{"start":{"line":123,"column":6},"end":{"line":137,"column":7}}]},"4":{"loc":{"start":{"line":109,"column":9},"end":{"line":109,"column":47}},"type":"binary-expr","locations":[{"start":{"line":109,"column":9},"end":{"line":109,"column":26}},{"start":{"line":109,"column":30},"end":{"line":109,"column":47}}]}},"s":{"0":3,"1":3,"2":37,"3":38,"4":22,"5":22,"6":22,"7":22,"8":22,"9":22,"10":22,"11":22,"12":22,"13":22,"14":22,"15":44,"16":22,"17":44,"18":22,"19":22,"20":22,"21":22,"22":3,"23":22,"24":2,"25":1,"26":1,"27":3},"f":{"0":22,"1":44,"2":22,"3":44,"4":22,"5":2,"6":1,"7":1},"b":{"0":[15],"1":[16],"2":[19,3],"3":[1,1],"4":[2,1]}}
,"/Users/artginzburg/css-clamper/src/internalArrayAt.ts": {"path":"/Users/artginzburg/css-clamper/src/internalArrayAt.ts","statementMap":{"0":{"start":{"line":2,"column":2},"end":{"line":2,"column":64}},"1":{"start":{"line":1,"column":0},"end":{"line":1,"column":16}}},"fnMap":{"0":{"name":"internalArrayAt","decl":{"start":{"line":1,"column":16},"end":{"line":1,"column":31}},"loc":{"start":{"line":1,"column":60},"end":{"line":3,"column":1}}}},"branchMap":{"0":{"loc":{"start":{"line":2,"column":9},"end":{"line":2,"column":63}},"type":"cond-expr","locations":[{"start":{"line":2,"column":21},"end":{"line":2,"column":48}},{"start":{"line":2,"column":51},"end":{"line":2,"column":63}}]}},"s":{"0":284,"1":4},"f":{"0":284},"b":{"0":[282,2]}}
,"/Users/artginzburg/css-clamper/src/internals.ts": {"path":"/Users/artginzburg/css-clamper/src/internals.ts","statementMap":{"0":{"start":{"line":1,"column":0},"end":{"line":1,"column":55}},"1":{"start":{"line":3,"column":24},"end":{"line":3,"column":26}},"2":{"start":{"line":4,"column":13},"end":{"line":4,"column":39}},"3":{"start":{"line":7,"column":2},"end":{"line":7,"column":31}},"4":{"start":{"line":11,"column":18},"end":{"line":11,"column":52}},"5":{"start":{"line":12,"column":2},"end":{"line":14,"column":null}},"6":{"start":{"line":13,"column":4},"end":{"line":13,"column":39}},"7":{"start":{"line":15,"column":15},"end":{"line":15,"column":43}},"8":{"start":{"line":16,"column":14},"end":{"line":16,"column":50}},"9":{"start":{"line":17,"column":2},"end":{"line":17,"column":23}},"10":{"start":{"line":10,"column":0},"end":{"line":10,"column":16}},"11":{"start":{"line":21,"column":2},"end":{"line":21,"column":31}},"12":{"start":{"line":20,"column":0},"end":{"line":20,"column":16}},"13":{"start":{"line":24,"column":2},"end":{"line":24,"column":31}},"14":{"start":{"line":28,"column":2},"end":{"line":30,"column":4}},"15":{"start":{"line":27,"column":0},"end":{"line":27,"column":16}},"16":{"start":{"line":39,"column":2},"end":{"line":39,"column":47}},"17":{"start":{"line":38,"column":0},"end":{"line":38,"column":16}},"18":{"start":{"line":49,"column":2},"end":{"line":49,"column":56}},"19":{"start":{"line":48,"column":0},"end":{"line":48,"column":16}}},"fnMap":{"0":{"name":"isRem","decl":{"start":{"line":6,"column":9},"end":{"line":6,"column":14}},"loc":{"start":{"line":6,"column":28},"end":{"line":8,"column":1}}},"1":{"name":"parseUnitValue","decl":{"start":{"line":10,"column":16},"end":{"line":10,"column":30}},"loc":{"start":{"line":10,"column":44},"end":{"line":18,"column":1}}},"2":{"name":"numPxToRem","decl":{"start":{"line":20,"column":16},"end":{"line":20,"column":26}},"loc":{"start":{"line":20,"column":38},"end":{"line":22,"column":1}}},"3":{"name":"numRemToPx","decl":{"start":{"line":23,"column":9},"end":{"line":23,"column":19}},"loc":{"start":{"line":23,"column":31},"end":{"line":25,"column":1}}},"4":{"name":"toPx","decl":{"start":{"line":27,"column":16},"end":{"line":27,"column":20}},"loc":{"start":{"line":27,"column":34},"end":{"line":31,"column":1}}},"5":{"name":"toFixedNumberDefault","decl":{"start":{"line":38,"column":16},"end":{"line":38,"column":36}},"loc":{"start":{"line":38,"column":50},"end":{"line":40,"column":1}}},"6":{"name":"buildCssClamp","decl":{"start":{"line":48,"column":16},"end":{"line":48,"column":29}},"loc":{"start":{"line":48,"column":90},"end":{"line":50,"column":1}}}},"branchMap":{"0":{"loc":{"start":{"line":12,"column":2},"end":{"line":14,"column":null}},"type":"if","locations":[{"start":{"line":12,"column":2},"end":{"line":14,"column":null}}]},"1":{"loc":{"start":{"line":29,"column":4},"end":{"line":29,"column":84}},"type":"cond-expr","locations":[{"start":{"line":29,"column":19},"end":{"line":29,"column":56}},{"start":{"line":29,"column":59},"end":{"line":29,"column":84}}]}},"s":{"0":3,"1":3,"2":3,"3":133,"4":142,"5":142,"6":2,"7":140,"8":140,"9":140,"10":3,"11":66,"12":3,"13":31,"14":133,"15":3,"16":177,"17":3,"18":22,"19":3},"f":{"0":133,"1":142,"2":66,"3":31,"4":133,"5":177,"6":22},"b":{"0":[2],"1":[31,102]}}
,"/Users/artginzburg/css-clamper/src/features/extendSize.ts": {"path":"/Users/artginzburg/css-clamper/src/features/extendSize.ts","statementMap":{"0":{"start":{"line":1,"column":0},"end":{"line":1,"column":58}},"1":{"start":{"line":11,"column":49},"end":{"line":11,"column":73}},"2":{"start":{"line":11,"column":25},"end":{"line":11,"column":27}},"3":{"start":{"line":11,"column":45},"end":{"line":11,"column":49}},"4":{"start":{"line":13,"column":2},"end":{"line":28,"column":null}},"5":{"start":{"line":14,"column":37},"end":{"line":14,"column":96}},"6":{"start":{"line":16,"column":4},"end":{"line":21,"column":6}},"7":{"start":{"line":22,"column":4},"end":{"line":27,"column":6}},"8":{"start":{"line":30,"column":2},"end":{"line":30,"column":50}},"9":{"start":{"line":3,"column":0},"end":{"line":3,"column":16}},"10":{"start":{"line":39,"column":2},"end":{"line":39,"column":51}},"11":{"start":{"line":39,"column":31},"end":{"line":39,"column":51}},"12":{"start":{"line":41,"column":27},"end":{"line":41,"column":55}},"13":{"start":{"line":42,"column":24},"end":{"line":42,"column":59}},"14":{"start":{"line":43,"column":20},"end":{"line":43,"column":60}},"15":{"start":{"line":44,"column":18},"end":{"line":44,"column":42}},"16":{"start":{"line":45,"column":2},"end":{"line":45,"column":17}}},"fnMap":{"0":{"name":"extendSizeInClampify","decl":{"start":{"line":3,"column":16},"end":{"line":3,"column":36}},"loc":{"start":{"line":9,"column":50},"end":{"line":31,"column":1}}},"1":{"name":"extendSize","decl":{"start":{"line":33,"column":9},"end":{"line":33,"column":19}},"loc":{"start":{"line":37,"column":22},"end":{"line":46,"column":1}}}},"branchMap":{"0":{"loc":{"start":{"line":13,"column":2},"end":{"line":28,"column":null}},"type":"if","locations":[{"start":{"line":13,"column":2},"end":{"line":28,"column":null}}]},"1":{"loc":{"start":{"line":13,"column":6},"end":{"line":13,"column":44}},"type":"binary-expr","locations":[{"start":{"line":13,"column":6},"end":{"line":13,"column":23}},{"start":{"line":13,"column":27},"end":{"line":13,"column":44}}]},"2":{"loc":{"start":{"line":39,"column":2},"end":{"line":39,"column":51}},"type":"if","locations":[{"start":{"line":39,"column":2},"end":{"line":39,"column":51}}]}},"s":{"0":3,"1":22,"2":22,"3":22,"4":22,"5":5,"6":5,"7":5,"8":22,"9":3,"10":10,"11":1,"12":9,"13":9,"14":9,"15":9,"16":9},"f":{"0":22,"1":10},"b":{"0":[5],"1":[22,17],"2":[1]}}
}
