{"/Users/artginzburg/css-clamper/src/index.ts": {"path":"/Users/artginzburg/css-clamper/src/index.ts","statementMap":{"0":{"start":{"line":1,"column":0},"end":{"line":1,"column":null}},"1":{"start":{"line":23,"column":2},"end":{"line":23,"column":null}},"2":{"start":{"line":25,"column":2},"end":{"line":25,"column":null}},"3":{"start":{"line":27,"column":65},"end":{"line":32,"column":13}},"4":{"start":{"line":27,"column":19},"end":{"line":27,"column":21}},"5":{"start":{"line":27,"column":31},"end":{"line":27,"column":33}},"6":{"start":{"line":27,"column":46},"end":{"line":27,"column":48}},"7":{"start":{"line":27,"column":61},"end":{"line":27,"column":65}},"8":{"start":{"line":34,"column":23},"end":{"line":34,"column":82}},"9":{"start":{"line":36,"column":19},"end":{"line":37,"column":null}},"10":{"start":{"line":41,"column":45},"end":{"line":44,"column":41}},"11":{"start":{"line":44,"column":19},"end":{"line":44,"column":41}},"12":{"start":{"line":41,"column":24},"end":{"line":41,"column":26}},"13":{"start":{"line":41,"column":41},"end":{"line":41,"column":45}},"14":{"start":{"line":46,"column":29},"end":{"line":46,"column":86}},"15":{"start":{"line":48,"column":2},"end":{"line":52,"column":4}},"16":{"start":{"line":19,"column":0},"end":{"line":19,"column":16}},"17":{"start":{"line":60,"column":2},"end":{"line":60,"column":44}},"18":{"start":{"line":71,"column":2},"end":{"line":76,"column":4}},"19":{"start":{"line":75,"column":4},"end":{"line":75,"column":66}},"20":{"start":{"line":70,"column":0},"end":{"line":70,"column":16}}},"fnMap":{"0":{"name":"clampify","decl":{"start":{"line":19,"column":16},"end":{"line":19,"column":24}},"loc":{"start":{"line":25,"column":43},"end":{"line":53,"column":1}}},"1":{"name":"(anonymous_1)","decl":{"start":{"line":44,"column":9},"end":{"line":44,"column":10}},"loc":{"start":{"line":44,"column":14},"end":{"line":44,"column":22}}},"2":{"name":"shiftDecimalPointRightByTwo","decl":{"start":{"line":59,"column":9},"end":{"line":59,"column":36}},"loc":{"start":{"line":59,"column":48},"end":{"line":61,"column":1}}},"3":{"name":"createClamper","decl":{"start":{"line":70,"column":16},"end":{"line":70,"column":29}},"loc":{"start":{"line":70,"column":92},"end":{"line":77,"column":1}}},"4":{"name":"clamper","decl":{"start":{"line":71,"column":18},"end":{"line":71,"column":25}},"loc":{"start":{"line":73,"column":44},"end":{"line":76,"column":3}}}},"branchMap":{"0":{"loc":{"start":{"line":23,"column":2},"end":{"line":23,"column":null}},"type":"if","locations":[{"start":{"line":23,"column":2},"end":{"line":23,"column":null}}]},"1":{"loc":{"start":{"line":25,"column":2},"end":{"line":25,"column":null}},"type":"if","locations":[{"start":{"line":25,"column":2},"end":{"line":25,"column":null}}]},"2":{"loc":{"start":{"line":50,"column":7},"end":{"line":50,"column":53}},"type":"cond-expr","locations":[{"start":{"line":50,"column":19},"end":{"line":50,"column":48}},{"start":{"line":50,"column":51},"end":{"line":50,"column":53}}]}},"s":{"0":2,"1":19,"2":19,"3":10,"4":10,"5":10,"6":10,"7":10,"8":10,"9":10,"10":10,"11":20,"12":10,"13":10,"14":10,"15":10,"16":2,"17":10,"18":1,"19":1,"20":2},"f":{"0":10,"1":20,"2":10,"3":1,"4":1},"b":{"0":[9],"1":[9],"2":[7,3]}}
,"/Users/artginzburg/css-clamper/src/internals.ts": {"path":"/Users/artginzburg/css-clamper/src/internals.ts","statementMap":{"0":{"start":{"line":1,"column":24},"end":{"line":1,"column":26}},"1":{"start":{"line":2,"column":13},"end":{"line":2,"column":39}},"2":{"start":{"line":5,"column":2},"end":{"line":5,"column":31}},"3":{"start":{"line":9,"column":18},"end":{"line":9,"column":52}},"4":{"start":{"line":10,"column":2},"end":{"line":12,"column":null}},"5":{"start":{"line":11,"column":4},"end":{"line":11,"column":39}},"6":{"start":{"line":13,"column":15},"end":{"line":13,"column":29}},"7":{"start":{"line":14,"column":14},"end":{"line":14,"column":36}},"8":{"start":{"line":15,"column":2},"end":{"line":15,"column":23}},"9":{"start":{"line":8,"column":0},"end":{"line":8,"column":16}},"10":{"start":{"line":19,"column":2},"end":{"line":19,"column":31}},"11":{"start":{"line":18,"column":0},"end":{"line":18,"column":16}},"12":{"start":{"line":22,"column":2},"end":{"line":22,"column":31}},"13":{"start":{"line":26,"column":2},"end":{"line":28,"column":4}},"14":{"start":{"line":25,"column":0},"end":{"line":25,"column":16}},"15":{"start":{"line":31,"column":2},"end":{"line":33,"column":4}},"16":{"start":{"line":30,"column":0},"end":{"line":30,"column":16}},"17":{"start":{"line":42,"column":2},"end":{"line":42,"column":47}},"18":{"start":{"line":52,"column":2},"end":{"line":52,"column":56}},"19":{"start":{"line":51,"column":0},"end":{"line":51,"column":16}}},"fnMap":{"0":{"name":"isRem","decl":{"start":{"line":4,"column":9},"end":{"line":4,"column":14}},"loc":{"start":{"line":4,"column":28},"end":{"line":6,"column":1}}},"1":{"name":"parseUnitValue","decl":{"start":{"line":8,"column":16},"end":{"line":8,"column":30}},"loc":{"start":{"line":8,"column":44},"end":{"line":16,"column":1}}},"2":{"name":"numPxToRem","decl":{"start":{"line":18,"column":16},"end":{"line":18,"column":26}},"loc":{"start":{"line":18,"column":38},"end":{"line":20,"column":1}}},"3":{"name":"numRemToPx","decl":{"start":{"line":21,"column":9},"end":{"line":21,"column":19}},"loc":{"start":{"line":21,"column":31},"end":{"line":23,"column":1}}},"4":{"name":"toRem","decl":{"start":{"line":25,"column":16},"end":{"line":25,"column":21}},"loc":{"start":{"line":25,"column":35},"end":{"line":29,"column":1}}},"5":{"name":"toPx","decl":{"start":{"line":30,"column":16},"end":{"line":30,"column":20}},"loc":{"start":{"line":30,"column":34},"end":{"line":34,"column":1}}},"6":{"name":"toFixedNumberDefault","decl":{"start":{"line":41,"column":9},"end":{"line":41,"column":29}},"loc":{"start":{"line":41,"column":43},"end":{"line":43,"column":1}}},"7":{"name":"buildCssClamp","decl":{"start":{"line":51,"column":16},"end":{"line":51,"column":29}},"loc":{"start":{"line":51,"column":90},"end":{"line":53,"column":1}}}},"branchMap":{"0":{"loc":{"start":{"line":10,"column":2},"end":{"line":12,"column":null}},"type":"if","locations":[{"start":{"line":10,"column":2},"end":{"line":12,"column":null}}]},"1":{"loc":{"start":{"line":27,"column":4},"end":{"line":27,"column":84}},"type":"cond-expr","locations":[{"start":{"line":27,"column":19},"end":{"line":27,"column":44}},{"start":{"line":27,"column":47},"end":{"line":27,"column":84}}]},"2":{"loc":{"start":{"line":32,"column":4},"end":{"line":32,"column":84}},"type":"cond-expr","locations":[{"start":{"line":32,"column":19},"end":{"line":32,"column":56}},{"start":{"line":32,"column":59},"end":{"line":32,"column":84}}]}},"s":{"0":2,"1":2,"2":72,"3":75,"4":75,"5":4,"6":71,"7":71,"8":71,"9":2,"10":26,"11":2,"12":13,"13":20,"14":2,"15":52,"16":2,"17":72,"18":10,"19":2},"f":{"0":72,"1":75,"2":26,"3":13,"4":20,"5":52,"6":72,"7":10},"b":{"0":[4],"1":[4,16],"2":[13,39]}}
}
