{"total": {"lines":{"total":35,"covered":35,"skipped":0,"pct":100},"statements":{"total":41,"covered":41,"skipped":0,"pct":100},"functions":{"total":13,"covered":13,"skipped":0,"pct":100},"branches":{"total":9,"covered":9,"skipped":0,"pct":100},"branchesTrue":{"total":0,"covered":0,"skipped":0,"pct":"Unknown"}}
,"/Users/artginzburg/css-clamper/src/index.ts": {"lines":{"total":15,"covered":15,"skipped":0,"pct":100},"functions":{"total":5,"covered":5,"skipped":0,"pct":100},"statements":{"total":21,"covered":21,"skipped":0,"pct":100},"branches":{"total":4,"covered":4,"skipped":0,"pct":100}}
,"/Users/artginzburg/css-clamper/src/internals.ts": {"lines":{"total":20,"covered":20,"skipped":0,"pct":100},"functions":{"total":8,"covered":8,"skipped":0,"pct":100},"statements":{"total":20,"covered":20,"skipped":0,"pct":100},"branches":{"total":5,"covered":5,"skipped":0,"pct":100}}
}
