TN:
SF:src/index.ts
FN:20,clampify
FN:54,(anonymous_1)
FN:56,(anonymous_2)
FN:57,(anonymous_3)
FN:72,shiftDecimalPointRightByTwo
FN:104,createClamper
FN:111,clamperExtended
FN:124,clamper
FNF:8
FNH:8
FNDA:20,clampify
FNDA:40,(anonymous_1)
FNDA:20,(anonymous_2)
FNDA:40,(anonymous_3)
FNDA:20,shiftDecimalPointRightByTwo
FNDA:2,createClamper
FNDA:1,clamperExtended
FNDA:1,clamper
DA:1,3
DA:2,3
DA:20,3
DA:24,34
DA:26,34
DA:30,20
DA:37,20
DA:39,20
DA:43,20
DA:53,20
DA:54,40
DA:56,20
DA:57,40
DA:59,20
DA:61,20
DA:73,20
DA:104,3
DA:110,2
DA:115,1
DA:130,1
LF:20
LH:20
BRDA:24,0,0,14
BRDA:26,1,0,14
BRDA:63,2,0,17
BRDA:63,2,1,3
BRDA:110,3,0,1
BRDA:110,3,1,1
BRDA:110,4,0,2
BRDA:110,4,1,1
BRF:8
BRH:8
end_of_record
TN:
SF:src/internalArrayAt.ts
FN:1,internalArrayAt
FNF:1
FNH:1
FNDA:346,internalArrayAt
DA:1,4
DA:2,346
LF:2
LH:2
BRDA:2,0,0,344
BRDA:2,0,1,2
BRF:2
BRH:2
end_of_record
TN:
SF:src/internals.ts
FN:6,isRem
FN:10,parseUnitValue
FN:20,numPxToRem
FN:23,numRemToPx
FN:27,toRem
FN:33,toPx
FN:44,toFixedNumberDefault
FN:54,buildCssClamp
FNF:8
FNH:8
FNDA:164,isRem
FNDA:173,parseUnitValue
FNDA:60,numPxToRem
FNDA:31,numRemToPx
FNDA:40,toRem
FNDA:124,toPx
FNDA:164,toFixedNumberDefault
FNDA:20,buildCssClamp
DA:1,3
DA:3,3
DA:4,3
DA:7,164
DA:10,3
DA:11,173
DA:12,173
DA:13,2
DA:15,171
DA:16,171
DA:17,171
DA:20,3
DA:21,60
DA:24,31
DA:27,3
DA:28,40
DA:33,3
DA:34,124
DA:45,164
DA:54,3
DA:55,20
LF:21
LH:21
BRDA:12,0,0,2
BRDA:30,1,0,0
BRDA:30,1,1,40
BRDA:35,2,0,31
BRDA:35,2,1,93
BRF:5
BRH:4
end_of_record
TN:
SF:src/features/extendSize.ts
FN:3,extendSizeInClampify
FN:33,extendSize
FNF:2
FNH:2
FNDA:20,extendSizeInClampify
FNDA:8,extendSize
DA:1,3
DA:3,3
DA:11,20
DA:13,20
DA:14,4
DA:16,4
DA:22,4
DA:30,20
DA:39,8
DA:41,8
DA:42,8
DA:43,8
DA:44,8
DA:45,8
LF:14
LH:14
BRDA:13,0,0,4
BRDA:13,1,0,20
BRDA:13,1,1,16
BRDA:39,2,0,0
BRF:4
BRH:3
end_of_record
