TN:
SF:src/index.ts
FN:1,isRem
FN:5,parseUnitValue
FN:19,numPxToRem
FN:22,numRemToPx
FN:26,toRem
FN:31,toPx
FN:42,toFixedNumberDefault
FN:57,clampify
FN:82,(anonymous_8)
FN:97,buildCssClamp
FN:105,shiftDecimalPointRightByTwo
FN:116,createClamper
FN:117,clamper
FNF:13
FNH:13
FNDA:42,isRem
FNDA:42,parseUnitValue
FNDA:17,numPxToRem
FNDA:4,numRemToPx
FNDA:14,toRem
FNDA:28,toPx
FNDA:42,toFixedNumberDefault
FNDA:7,clampify
FNDA:14,(anonymous_8)
FNDA:7,buildCssClamp
FNDA:7,shiftDecimalPointRightByTwo
FNDA:1,createClamper
FNDA:1,clamper
DA:2,42
DA:6,42
DA:7,42
DA:8,4
DA:10,38
DA:11,38
DA:12,38
DA:15,1
DA:17,1
DA:20,17
DA:23,4
DA:27,14
DA:32,28
DA:43,42
DA:57,1
DA:61,13
DA:63,13
DA:65,7
DA:72,7
DA:74,7
DA:79,7
DA:82,14
DA:84,7
DA:86,7
DA:98,7
DA:106,7
DA:116,1
DA:117,1
DA:121,1
LF:29
LH:29
BRDA:7,0,0,4
BRDA:28,1,0,4
BRDA:28,1,1,10
BRDA:33,2,0,4
BRDA:33,2,1,24
BRDA:61,3,0,6
BRDA:63,4,0,6
BRDA:88,5,0,4
BRDA:88,5,1,3
BRF:9
BRH:9
end_of_record
